[2018-04-11 13:51:07.651] [sharedprocess] [info] main {"machineId":"fba60a6f03b62f661d047839410f71d3236e7917f365cdb85dac48f27fb6bc38"}
[2018-04-11 13:51:07.787] [sharedprocess] [info] Scanned user extensions: 15
[2018-04-11 13:51:07.859] [sharedprocess] [info] Scanned system extensions: 65
[2018-04-11 13:51:08.665] [sharedprocess] [info] Scanned user extensions: 15
[2018-04-11 13:51:08.668] [sharedprocess] [info] Scanned user extensions: 15
[2018-04-11 13:51:08.691] [sharedprocess] [info] Scanned system extensions: 65
[2018-04-11 13:51:11.414] [sharedprocess] [info] Installing extension: Angular-BeastCode
[2018-04-11 13:51:11.418] [sharedprocess] [info] Installing extension: python-snippets
[2018-04-11 13:51:11.842] [sharedprocess] [info] Scanned user extensions: 15
[2018-04-11 13:51:13.308] [sharedprocess] [info] Downloaded extension: Angular-BeastCode
[2018-04-11 13:51:13.494] [sharedprocess] [info] Extracted extension to /home/odina/.vscode/extensions/Mikael.angular-beastcode-6.0.9: Mikael.angular-beastcode-6.0.9
[2018-04-11 13:51:13.503] [sharedprocess] [info] Updated metadata of the extension: Mikael.angular-beastcode-6.0.9
[2018-04-11 13:51:13.504] [sharedprocess] [info] Extensions installed successfully: Mikael.angular-beastcode
[2018-04-11 13:51:13.657] [sharedprocess] [info] Scanned user extensions: 15
[2018-04-11 13:51:13.683] [sharedprocess] [info] Scanned system extensions: 65
[2018-04-11 13:51:13.716] [sharedprocess] [info] Downloaded extension: python-snippets
[2018-04-11 13:51:13.785] [sharedprocess] [info] Extracted extension to /home/odina/.vscode/extensions/cstrap.python-snippets-0.2.0: cstrap.python-snippets-0.2.0
[2018-04-11 13:51:13.801] [sharedprocess] [info] Updated metadata of the extension: cstrap.python-snippets-0.2.0
[2018-04-11 13:51:13.802] [sharedprocess] [info] Extensions installed successfully: cstrap.python-snippets
[2018-04-11 13:51:13.988] [sharedprocess] [info] Scanned user extensions: 15
[2018-04-11 13:51:14.061] [sharedprocess] [info] Scanned system extensions: 65
[2018-04-11 13:51:47.659] [sharedprocess] [info] Starting to clean up unused language packs.
[2018-04-11 13:56:11.991] [sharedprocess] [info] Scanned user extensions: 15
[2018-04-11 14:01:12.075] [sharedprocess] [info] Scanned user extensions: 15
[2018-04-11 14:06:12.160] [sharedprocess] [info] Scanned user extensions: 15
[2018-04-11 14:11:12.276] [sharedprocess] [info] Scanned user extensions: 15
[2018-04-11 14:16:12.350] [sharedprocess] [info] Scanned user extensions: 15
[2018-04-11 14:21:12.450] [sharedprocess] [info] Scanned user extensions: 15
[2018-04-11 14:26:12.527] [sharedprocess] [info] Scanned user extensions: 15
[2018-04-11 14:31:12.583] [sharedprocess] [info] Scanned user extensions: 15
[2018-04-11 14:36:12.793] [sharedprocess] [info] Scanned user extensions: 15
[2018-04-11 14:41:12.890] [sharedprocess] [info] Scanned user extensions: 15
[2018-04-11 14:46:12.948] [sharedprocess] [info] Scanned user extensions: 15
[2018-04-11 14:51:13.291] [sharedprocess] [info] Scanned user extensions: 15
[2018-04-11 14:56:13.367] [sharedprocess] [info] Scanned user extensions: 15
[2018-04-11 15:01:13.442] [sharedprocess] [info] Scanned user extensions: 15
[2018-04-11 15:06:13.548] [sharedprocess] [info] Scanned user extensions: 15
[2018-04-11 15:11:13.611] [sharedprocess] [info] Scanned user extensions: 15
[2018-04-11 15:16:13.687] [sharedprocess] [info] Scanned user extensions: 15
[2018-04-11 15:21:13.727] [sharedprocess] [info] Scanned user extensions: 15
[2018-04-11 15:26:13.804] [sharedprocess] [info] Scanned user extensions: 15
[2018-04-11 15:31:13.878] [sharedprocess] [info] Scanned user extensions: 15
[2018-04-11 15:36:13.930] [sharedprocess] [info] Scanned user extensions: 15
[2018-04-11 15:41:13.993] [sharedprocess] [info] Scanned user extensions: 15
[2018-04-11 15:46:14.047] [sharedprocess] [info] Scanned user extensions: 15
[2018-04-11 15:51:14.298] [sharedprocess] [info] Scanned user extensions: 15
[2018-04-11 15:56:14.372] [sharedprocess] [info] Scanned user extensions: 15
[2018-04-11 16:01:14.410] [sharedprocess] [info] Scanned user extensions: 15
[2018-04-11 16:06:14.545] [sharedprocess] [info] Scanned user extensions: 15
[2018-04-11 16:11:14.590] [sharedprocess] [info] Scanned user extensions: 15
[2018-04-11 16:16:14.626] [sharedprocess] [info] Scanned user extensions: 15
[2018-04-11 16:21:14.749] [sharedprocess] [info] Scanned user extensions: 15
[2018-04-11 16:26:14.793] [sharedprocess] [info] Scanned user extensions: 15
[2018-04-11 16:31:14.885] [sharedprocess] [info] Scanned user extensions: 15
[2018-04-11 16:36:14.914] [sharedprocess] [info] Scanned user extensions: 15
[2018-04-11 16:41:14.965] [sharedprocess] [info] Scanned user extensions: 15
[2018-04-11 16:46:15.081] [sharedprocess] [info] Scanned user extensions: 15
[2018-04-11 16:51:15.387] [sharedprocess] [info] Scanned user extensions: 15
[2018-04-11 16:56:15.465] [sharedprocess] [info] Scanned user extensions: 15
[2018-04-11 17:01:15.507] [sharedprocess] [info] Scanned user extensions: 15
