[2018-04-11 17:30:24.401] [renderer1] [error] An unknown error occurred. Please consult the log for more details.
[2018-04-11 17:30:38.384] [renderer1] [error] An unknown error occurred. Please consult the log for more details.
[2018-04-11 17:31:04.758] [renderer1] [error] An unknown error occurred. Please consult the log for more details.
[2018-04-11 17:31:28.738] [renderer1] [error] An unknown error occurred. Please consult the log for more details.
[2018-04-11 17:31:44.984] [renderer1] [error] An unknown error occurred. Please consult the log for more details.
[2018-04-11 17:41:03.586] [renderer1] [error] An unknown error occurred. Please consult the log for more details.
[2018-04-11 17:47:06.583] [renderer1] [error] An unknown error occurred. Please consult the log for more details.
[2018-04-11 17:51:41.361] [renderer1] [error] An unknown error occurred. Please consult the log for more details.
[2018-04-11 17:53:19.468] [renderer1] [error] An unknown error occurred. Please consult the log for more details.
[2018-04-11 17:54:43.174] [renderer1] [error] An unknown error occurred. Please consult the log for more details.
[2018-04-11 17:54:52.081] [renderer1] [error] An unknown error occurred. Please consult the log for more details.
[2018-04-11 17:54:53.596] [renderer1] [error] An unknown error occurred. Please consult the log for more details.
[2018-04-11 17:57:15.903] [renderer1] [error] An unknown error occurred. Please consult the log for more details.
[2018-04-11 17:57:53.956] [renderer1] [error] An unknown error occurred. Please consult the log for more details.
[2018-04-11 17:58:15.714] [renderer1] [error] An unknown error occurred. Please consult the log for more details.
[2018-04-11 17:59:42.499] [renderer1] [error] An unknown error occurred. Please consult the log for more details.
[2018-04-11 18:00:03.326] [renderer1] [error] An unknown error occurred. Please consult the log for more details.
[2018-04-11 18:00:17.777] [renderer1] [error] An unknown error occurred. Please consult the log for more details.
[2018-04-11 18:03:38.650] [renderer1] [error] An unknown error occurred. Please consult the log for more details.
[2018-04-11 18:03:47.619] [renderer1] [error] An unknown error occurred. Please consult the log for more details.
[2018-04-11 18:10:57.884] [renderer1] [error] An unknown error occurred. Please consult the log for more details.
[2018-04-11 18:12:07.164] [renderer1] [error] An unknown error occurred. Please consult the log for more details.
[2018-04-11 18:17:48.091] [renderer1] [error] An unknown error occurred. Please consult the log for more details.
[2018-04-11 21:02:17.628] [renderer1] [error] An unknown error occurred. Please consult the log for more details.
[2018-04-11 21:03:47.707] [renderer1] [error] An unknown error occurred. Please consult the log for more details.
[2018-04-11 21:05:22.142] [renderer1] [error] An unknown error occurred. Please consult the log for more details.
[2018-04-11 21:06:25.584] [renderer1] [error] An unknown error occurred. Please consult the log for more details.
[2018-04-11 21:08:00.710] [renderer1] [error] An unknown error occurred. Please consult the log for more details.
[2018-04-11 21:09:15.824] [renderer1] [error] An unknown error occurred. Please consult the log for more details.
[2018-04-11 21:09:19.083] [renderer1] [error] An unknown error occurred. Please consult the log for more details.
[2018-04-11 21:13:27.487] [renderer1] [error] An unknown error occurred. Please consult the log for more details.
[2018-04-11 21:13:46.220] [renderer1] [error] An unknown error occurred. Please consult the log for more details.
[2018-04-11 21:15:33.270] [renderer1] [error] An unknown error occurred. Please consult the log for more details.
[2018-04-11 21:19:03.008] [renderer1] [error] An unknown error occurred. Please consult the log for more details.
[2018-04-11 21:19:12.137] [renderer1] [error] An unknown error occurred. Please consult the log for more details.
[2018-04-11 21:19:59.998] [renderer1] [error] An unknown error occurred. Please consult the log for more details.
[2018-04-11 21:20:02.463] [renderer1] [error] An unknown error occurred. Please consult the log for more details.
[2018-04-11 21:25:10.946] [renderer1] [error] Cannot read property 'match' of undefined: TypeError: Cannot read property 'match' of undefined
	at new MyCompletionItem (/usr/share/code/resources/app/extensions/typescript/out/features/completionItemProvider.js:54:34)
	at TypeScriptCompletionItemProvider.provideCompletionItems (/usr/share/code/resources/app/extensions/typescript/out/features/completionItemProvider.js:232:26)
	at <anonymous>
[2018-04-11 21:25:26.060] [renderer1] [error] An unknown error occurred. Please consult the log for more details.
[2018-04-11 21:26:56.858] [renderer1] [error] An unknown error occurred. Please consult the log for more details.
[2018-04-11 21:29:40.371] [renderer1] [error] An unknown error occurred. Please consult the log for more details.
[2018-04-11 21:29:51.760] [renderer1] [error] An unknown error occurred. Please consult the log for more details.
[2018-04-11 21:31:09.258] [renderer1] [error] Cannot read property 'match' of undefined: TypeError: Cannot read property 'match' of undefined
	at new MyCompletionItem (/usr/share/code/resources/app/extensions/typescript/out/features/completionItemProvider.js:54:34)
	at TypeScriptCompletionItemProvider.provideCompletionItems (/usr/share/code/resources/app/extensions/typescript/out/features/completionItemProvider.js:232:26)
	at <anonymous>
[2018-04-11 21:32:39.881] [renderer1] [error] Cannot read property 'match' of undefined: TypeError: Cannot read property 'match' of undefined
	at new MyCompletionItem (/usr/share/code/resources/app/extensions/typescript/out/features/completionItemProvider.js:54:34)
	at TypeScriptCompletionItemProvider.provideCompletionItems (/usr/share/code/resources/app/extensions/typescript/out/features/completionItemProvider.js:232:26)
	at <anonymous>
[2018-04-11 21:32:46.946] [renderer1] [error] An unknown error occurred. Please consult the log for more details.
[2018-04-11 21:33:04.674] [renderer1] [error] An unknown error occurred. Please consult the log for more details.
[2018-04-11 21:37:30.821] [renderer1] [error] An unknown error occurred. Please consult the log for more details.
[2018-04-11 21:43:31.384] [renderer1] [error] An unknown error occurred. Please consult the log for more details.
[2018-04-11 21:46:18.641] [renderer1] [error] Cannot read property 'match' of undefined: TypeError: Cannot read property 'match' of undefined
	at new MyCompletionItem (/usr/share/code/resources/app/extensions/typescript/out/features/completionItemProvider.js:54:34)
	at TypeScriptCompletionItemProvider.provideCompletionItems (/usr/share/code/resources/app/extensions/typescript/out/features/completionItemProvider.js:232:26)
	at <anonymous>
[2018-04-11 21:51:48.461] [renderer1] [error] An unknown error occurred. Please consult the log for more details.
[2018-04-11 22:10:13.569] [renderer1] [error] Cannot read property 'match' of undefined: TypeError: Cannot read property 'match' of undefined
	at new MyCompletionItem (/usr/share/code/resources/app/extensions/typescript/out/features/completionItemProvider.js:54:34)
	at TypeScriptCompletionItemProvider.provideCompletionItems (/usr/share/code/resources/app/extensions/typescript/out/features/completionItemProvider.js:232:26)
	at <anonymous>
[2018-04-11 22:11:21.069] [renderer1] [error] An unknown error occurred. Please consult the log for more details.
[2018-04-11 22:13:19.846] [renderer1] [error] An unknown error occurred. Please consult the log for more details.
[2018-04-11 22:13:45.866] [renderer1] [error] An unknown error occurred. Please consult the log for more details.
[2018-04-11 22:14:23.288] [renderer1] [error] An unknown error occurred. Please consult the log for more details.
[2018-04-11 22:18:22.008] [renderer1] [error] An unknown error occurred. Please consult the log for more details.
[2018-04-11 22:20:35.603] [renderer1] [error] Cannot read property 'match' of undefined: TypeError: Cannot read property 'match' of undefined
	at new MyCompletionItem (/usr/share/code/resources/app/extensions/typescript/out/features/completionItemProvider.js:54:34)
	at TypeScriptCompletionItemProvider.provideCompletionItems (/usr/share/code/resources/app/extensions/typescript/out/features/completionItemProvider.js:232:26)
	at <anonymous>
[2018-04-11 22:21:17.249] [renderer1] [error] An unknown error occurred. Please consult the log for more details.
[2018-04-11 22:22:10.976] [renderer1] [error] An unknown error occurred. Please consult the log for more details.
[2018-04-11 22:23:10.300] [renderer1] [error] An unknown error occurred. Please consult the log for more details.
[2018-04-11 22:28:58.609] [renderer1] [error] Cannot read property 'match' of undefined: TypeError: Cannot read property 'match' of undefined
	at new MyCompletionItem (/usr/share/code/resources/app/extensions/typescript/out/features/completionItemProvider.js:54:34)
	at TypeScriptCompletionItemProvider.provideCompletionItems (/usr/share/code/resources/app/extensions/typescript/out/features/completionItemProvider.js:232:26)
	at <anonymous>
[2018-04-11 22:28:59.889] [renderer1] [error] Cannot read property 'match' of undefined: TypeError: Cannot read property 'match' of undefined
	at new MyCompletionItem (/usr/share/code/resources/app/extensions/typescript/out/features/completionItemProvider.js:54:34)
	at TypeScriptCompletionItemProvider.provideCompletionItems (/usr/share/code/resources/app/extensions/typescript/out/features/completionItemProvider.js:232:26)
	at <anonymous>
[2018-04-11 22:29:01.777] [renderer1] [error] Cannot read property 'match' of undefined: TypeError: Cannot read property 'match' of undefined
	at new MyCompletionItem (/usr/share/code/resources/app/extensions/typescript/out/features/completionItemProvider.js:54:34)
	at TypeScriptCompletionItemProvider.provideCompletionItems (/usr/share/code/resources/app/extensions/typescript/out/features/completionItemProvider.js:232:26)
	at <anonymous>
[2018-04-11 22:31:10.284] [renderer1] [error] An unknown error occurred. Please consult the log for more details.
[2018-04-11 22:31:55.120] [renderer1] [error] An unknown error occurred. Please consult the log for more details.
[2018-04-11 22:32:38.874] [renderer1] [error] An unknown error occurred. Please consult the log for more details.
[2018-04-11 22:32:53.700] [renderer1] [error] An unknown error occurred. Please consult the log for more details.
[2018-04-11 22:33:01.158] [renderer1] [error] An unknown error occurred. Please consult the log for more details.
[2018-04-11 22:33:09.869] [renderer1] [error] An unknown error occurred. Please consult the log for more details.
[2018-04-11 22:33:16.904] [renderer1] [error] An unknown error occurred. Please consult the log for more details.
[2018-04-11 22:33:58.128] [renderer1] [error] An unknown error occurred. Please consult the log for more details.
[2018-04-11 22:35:29.994] [renderer1] [error] An unknown error occurred. Please consult the log for more details.
[2018-04-11 22:36:49.692] [renderer1] [error] An unknown error occurred. Please consult the log for more details.
[2018-04-11 22:39:57.113] [renderer1] [error] Cannot read property 'match' of undefined: TypeError: Cannot read property 'match' of undefined
	at new MyCompletionItem (/usr/share/code/resources/app/extensions/typescript/out/features/completionItemProvider.js:54:34)
	at TypeScriptCompletionItemProvider.provideCompletionItems (/usr/share/code/resources/app/extensions/typescript/out/features/completionItemProvider.js:232:26)
	at <anonymous>
[2018-04-11 22:40:20.836] [renderer1] [error] An unknown error occurred. Please consult the log for more details.
[2018-04-11 22:40:54.922] [renderer1] [error] An unknown error occurred. Please consult the log for more details.
[2018-04-11 22:41:44.203] [renderer1] [error] An unknown error occurred. Please consult the log for more details.
[2018-04-11 22:42:50.615] [renderer1] [error] Cannot read property 'match' of undefined: TypeError: Cannot read property 'match' of undefined
	at new MyCompletionItem (/usr/share/code/resources/app/extensions/typescript/out/features/completionItemProvider.js:54:34)
	at TypeScriptCompletionItemProvider.provideCompletionItems (/usr/share/code/resources/app/extensions/typescript/out/features/completionItemProvider.js:232:26)
	at <anonymous>
[2018-04-11 22:43:02.880] [renderer1] [error] An unknown error occurred. Please consult the log for more details.
[2018-04-11 22:44:44.331] [renderer1] [error] An unknown error occurred. Please consult the log for more details.
[2018-04-11 22:45:43.143] [renderer1] [error] Cannot read property 'match' of undefined: TypeError: Cannot read property 'match' of undefined
	at new MyCompletionItem (/usr/share/code/resources/app/extensions/typescript/out/features/completionItemProvider.js:54:34)
	at TypeScriptCompletionItemProvider.provideCompletionItems (/usr/share/code/resources/app/extensions/typescript/out/features/completionItemProvider.js:232:26)
	at <anonymous>
[2018-04-11 22:46:04.716] [renderer1] [error] An unknown error occurred. Please consult the log for more details.
