[Error - 4:59:42 PM] Apr 15, 2018 4:59:33 PM Initialization failed 
Could not run build action using Gradle distribution 'https://services.gradle.org/distributions/gradle-3.5-all.zip'.
org.gradle.tooling.BuildException: Could not run build action using Gradle distribution 'https://services.gradle.org/distributions/gradle-3.5-all.zip'.
	at org.gradle.tooling.internal.consumer.ExceptionTransformer.transform(ExceptionTransformer.java:51)
	at org.gradle.tooling.internal.consumer.ExceptionTransformer.transform(ExceptionTransformer.java:29)
	at org.gradle.tooling.internal.consumer.ResultHandlerAdapter.onFailure(ResultHandlerAdapter.java:41)
	at org.gradle.tooling.internal.consumer.async.DefaultAsyncConsumerActionExecutor$1$1.run(DefaultAsyncConsumerActionExecutor.java:57)
	at org.gradle.internal.concurrent.ExecutorPolicy$CatchAndRecordFailures.onExecute(ExecutorPolicy.java:63)
	at org.gradle.internal.concurrent.ManagedExecutorImpl$1.run(ManagedExecutorImpl.java:46)
	at java.util.concurrent.ThreadPoolExecutor.runWorker(ThreadPoolExecutor.java:1149)
	at java.util.concurrent.ThreadPoolExecutor$Worker.run(ThreadPoolExecutor.java:624)
	at org.gradle.internal.concurrent.ThreadFactoryImpl$ManagedThreadRunnable.run(ThreadFactoryImpl.java:55)
	at java.lang.Thread.run(Thread.java:748)
	at org.gradle.tooling.internal.consumer.BlockingResultHandler.getResult(BlockingResultHandler.java:46)
	at org.gradle.tooling.internal.consumer.DefaultBuildActionExecuter.run(DefaultBuildActionExecuter.java:60)
	at sun.reflect.NativeMethodAccessorImpl.invoke0(Native Method)
	at sun.reflect.NativeMethodAccessorImpl.invoke(NativeMethodAccessorImpl.java:62)
	at sun.reflect.DelegatingMethodAccessorImpl.invoke(DelegatingMethodAccessorImpl.java:43)
	at java.lang.reflect.Method.invoke(Method.java:498)
	at org.eclipse.buildship.core.workspace.internal.ConnectionAwareLauncherProxy.invokeRun(ConnectionAwareLauncherProxy.java:170)
	at org.eclipse.buildship.core.workspace.internal.ConnectionAwareLauncherProxy.invoke(ConnectionAwareLauncherProxy.java:160)
	at com.sun.proxy.$Proxy43.run(Unknown Source)
	at org.eclipse.buildship.core.workspace.internal.DefaultModelProvider$1.get(DefaultModelProvider.java:112)
	at org.eclipse.buildship.core.workspace.internal.DefaultModelProvider$3.call(DefaultModelProvider.java:142)
	at com.google.common.cache.LocalCache$LocalManualCache$1.load(LocalCache.java:4724)
	at com.google.common.cache.LocalCache$LoadingValueReference.loadFuture(LocalCache.java:3522)
	at com.google.common.cache.LocalCache$Segment.loadSync(LocalCache.java:2315)
	at com.google.common.cache.LocalCache$Segment.lockedGetOrLoad(LocalCache.java:2278)
	at com.google.common.cache.LocalCache$Segment.get(LocalCache.java:2193)
	at com.google.common.cache.LocalCache.get(LocalCache.java:3932)
	at com.google.common.cache.LocalCache$LocalManualCache.get(LocalCache.java:4721)
	at org.eclipse.buildship.core.workspace.internal.DefaultModelProvider.getFromCache(DefaultModelProvider.java:153)
	at org.eclipse.buildship.core.workspace.internal.DefaultModelProvider.executeOperation(DefaultModelProvider.java:138)
	at org.eclipse.buildship.core.workspace.internal.DefaultModelProvider.executeBuildActionExecuter(DefaultModelProvider.java:108)
	at org.eclipse.buildship.core.workspace.internal.DefaultModelProvider.fetchModels(DefaultModelProvider.java:78)
	at org.eclipse.buildship.core.workspace.internal.DefaultModelProvider.fetchEclipseGradleProjects(DefaultModelProvider.java:99)
	at org.eclipse.jdt.ls.core.internal.managers.GradleProjectImporter.startSynchronization(GradleProjectImporter.java:152)
	at org.eclipse.jdt.ls.core.internal.managers.GradleProjectImporter.importDir(GradleProjectImporter.java:99)
	at org.eclipse.jdt.ls.core.internal.managers.GradleProjectImporter.lambda$0(GradleProjectImporter.java:91)
	at java.util.ArrayList.forEach(ArrayList.java:1255)
	at java.util.Collections$UnmodifiableCollection.forEach(Collections.java:1080)
	at org.eclipse.jdt.ls.core.internal.managers.GradleProjectImporter.importToWorkspace(GradleProjectImporter.java:91)
	at org.eclipse.jdt.ls.core.internal.managers.ProjectsManager.importProjects(ProjectsManager.java:128)
	at org.eclipse.jdt.ls.core.internal.managers.ProjectsManager.access$1(ProjectsManager.java:122)
	at org.eclipse.jdt.ls.core.internal.managers.ProjectsManager$2.run(ProjectsManager.java:116)
	at org.eclipse.jdt.internal.core.BatchOperation.executeOperation(BatchOperation.java:38)
	at org.eclipse.jdt.internal.core.JavaModelOperation.run(JavaModelOperation.java:733)
	at org.eclipse.core.internal.resources.Workspace.run(Workspace.java:2289)
	at org.eclipse.core.internal.resources.Workspace.run(Workspace.java:2316)
	at org.eclipse.jdt.core.JavaCore.run(JavaCore.java:5733)
	at org.eclipse.jdt.core.JavaCore.run(JavaCore.java:5690)
	at org.eclipse.jdt.ls.core.internal.managers.ProjectsManager.initializeProjects(ProjectsManager.java:109)
	at org.eclipse.jdt.ls.core.internal.handlers.InitHandler$1.runInWorkspace(InitHandler.java:212)
	at org.eclipse.core.internal.resources.InternalWorkspaceJob.run(InternalWorkspaceJob.java:39)
	at org.eclipse.core.internal.jobs.Worker.run(Worker.java:60)
Caused by: org.gradle.internal.exceptions.LocationAwareException: Build file '/home/odina/Desktop/moviec/myapp/android/app/build.gradle' line: 140
A problem occurred evaluating project ':app'.
	at org.gradle.initialization.DefaultExceptionAnalyser.transform(DefaultExceptionAnalyser.java:74)
	at org.gradle.initialization.MultipleBuildFailuresExceptionAnalyser.transform(MultipleBuildFailuresExceptionAnalyser.java:47)
	at org.gradle.initialization.StackTraceSanitizingExceptionAnalyser.transform(StackTraceSanitizingExceptionAnalyser.java:30)
	at org.gradle.initialization.DefaultGradleLauncher.doBuild(DefaultGradleLauncher.java:114)
	at org.gradle.initialization.DefaultGradleLauncher.getBuildAnalysis(DefaultGradleLauncher.java:100)
	at org.gradle.launcher.exec.GradleBuildController.configure(GradleBuildController.java:74)
	at org.gradle.tooling.internal.provider.runner.ClientProvidedBuildActionRunner.run(ClientProvidedBuildActionRunner.java:65)
	at org.gradle.launcher.exec.ChainingBuildActionRunner.run(ChainingBuildActionRunner.java:35)
	at org.gradle.tooling.internal.provider.runner.RunAsBuildOperationBuildActionRunner$1.execute(RunAsBuildOperationBuildActionRunner.java:43)
	at org.gradle.tooling.internal.provider.runner.RunAsBuildOperationBuildActionRunner$1.execute(RunAsBuildOperationBuildActionRunner.java:40)
	at org.gradle.internal.Transformers$4.transform(Transformers.java:169)
	at org.gradle.internal.progress.DefaultBuildOperationExecutor.run(DefaultBuildOperationExecutor.java:106)
	at org.gradle.internal.progress.DefaultBuildOperationExecutor.run(DefaultBuildOperationExecutor.java:56)
	at org.gradle.tooling.internal.provider.runner.RunAsBuildOperationBuildActionRunner.run(RunAsBuildOperationBuildActionRunner.java:40)
	at org.gradle.tooling.internal.provider.runner.SubscribableBuildActionRunner.run(SubscribableBuildActionRunner.java:88)
	at org.gradle.launcher.exec.ChainingBuildActionRunner.run(ChainingBuildActionRunner.java:35)
	at org.gradle.launcher.exec.InProcessBuildActionExecuter.execute(InProcessBuildActionExecuter.java:41)
	at org.gradle.launcher.exec.InProcessBuildActionExecuter.execute(InProcessBuildActionExecuter.java:26)
	at org.gradle.tooling.internal.provider.ContinuousBuildActionExecuter.execute(ContinuousBuildActionExecuter.java:75)
	at org.gradle.tooling.internal.provider.ContinuousBuildActionExecuter.execute(ContinuousBuildActionExecuter.java:49)
	at org.gradle.tooling.internal.provider.ServicesSetupBuildActionExecuter.execute(ServicesSetupBuildActionExecuter.java:49)
	at org.gradle.tooling.internal.provider.ServicesSetupBuildActionExecuter.execute(ServicesSetupBuildActionExecuter.java:31)
	at org.gradle.launcher.daemon.server.exec.ExecuteBuild.doBuild(ExecuteBuild.java:67)
	at org.gradle.launcher.daemon.server.exec.BuildCommandOnly.execute(BuildCommandOnly.java:36)
	at org.gradle.launcher.daemon.server.api.DaemonCommandExecution.proceed(DaemonCommandExecution.java:120)
	at org.gradle.launcher.daemon.server.exec.WatchForDisconnection.execute(WatchForDisconnection.java:37)
	at org.gradle.launcher.daemon.server.api.DaemonCommandExecution.proceed(DaemonCommandExecution.java:120)
	at org.gradle.launcher.daemon.server.exec.ResetDeprecationLogger.execute(ResetDeprecationLogger.java:26)
	at org.gradle.launcher.daemon.server.api.DaemonCommandExecution.proceed(DaemonCommandExecution.java:120)
	at org.gradle.launcher.daemon.server.exec.RequestStopIfSingleUsedDaemon.execute(RequestStopIfSingleUsedDaemon.java:34)
	at org.gradle.launcher.daemon.server.api.DaemonCommandExecution.proceed(DaemonCommandExecution.java:120)
	at org.gradle.launcher.daemon.server.exec.ForwardClientInput$2.call(ForwardClientInput.java:74)
	at org.gradle.launcher.daemon.server.exec.ForwardClientInput$2.call(ForwardClientInput.java:72)
	at org.gradle.util.Swapper.swap(Swapper.java:38)
	at org.gradle.launcher.daemon.server.exec.ForwardClientInput.execute(ForwardClientInput.java:72)
	at org.gradle.launcher.daemon.server.api.DaemonCommandExecution.proceed(DaemonCommandExecution.java:120)
	at org.gradle.launcher.daemon.server.exec.LogAndCheckHealth.execute(LogAndCheckHealth.java:55)
	at org.gradle.launcher.daemon.server.api.DaemonCommandExecution.proceed(DaemonCommandExecution.java:120)
	at org.gradle.launcher.daemon.server.exec.LogToClient.doBuild(LogToClient.java:60)
	at org.gradle.launcher.daemon.server.exec.BuildCommandOnly.execute(BuildCommandOnly.java:36)
	at org.gradle.launcher.daemon.server.api.DaemonCommandExecution.proceed(DaemonCommandExecution.java:120)
	at org.gradle.launcher.daemon.server.exec.EstablishBuildEnvironment.doBuild(EstablishBuildEnvironment.java:72)
	at org.gradle.launcher.daemon.server.exec.BuildCommandOnly.execute(BuildCommandOnly.java:36)
	at org.gradle.launcher.daemon.server.api.DaemonCommandExecution.proceed(DaemonCommandExecution.java:120)
	at org.gradle.launcher.daemon.server.exec.StartBuildOrRespondWithBusy$1.run(StartBuildOrRespondWithBusy.java:50)
	at org.gradle.launcher.daemon.server.DaemonStateCoordinator$1.run(DaemonStateCoordinator.java:297)
	at org.gradle.internal.concurrent.ExecutorPolicy$CatchAndRecordFailures.onExecute(ExecutorPolicy.java:63)
	at org.gradle.internal.concurrent.StoppableExecutorImpl$1.run(StoppableExecutorImpl.java:46)
Caused by: org.gradle.api.GradleScriptException: A problem occurred evaluating project ':app'.
	at org.gradle.groovy.scripts.internal.DefaultScriptRunnerFactory$ScriptRunnerImpl.run(DefaultScriptRunnerFactory.java:92)
	at org.gradle.configuration.DefaultScriptPluginFactory$ScriptPluginImpl$2.run(DefaultScriptPluginFactory.java:176)
	at org.gradle.configuration.ProjectScriptTarget.addConfiguration(ProjectScriptTarget.java:77)
	at org.gradle.configuration.DefaultScriptPluginFactory$ScriptPluginImpl.apply(DefaultScriptPluginFactory.java:181)
	at org.gradle.configuration.project.BuildScriptProcessor.execute(BuildScriptProcessor.java:39)
	at org.gradle.configuration.project.BuildScriptProcessor.execute(BuildScriptProcessor.java:26)
	at org.gradle.configuration.project.ConfigureActionsProjectEvaluator.evaluate(ConfigureActionsProjectEvaluator.java:34)
	at org.gradle.configuration.project.LifecycleProjectEvaluator.doConfigure(LifecycleProjectEvaluator.java:70)
	at org.gradle.configuration.project.LifecycleProjectEvaluator.access$000(LifecycleProjectEvaluator.java:33)
	at org.gradle.configuration.project.LifecycleProjectEvaluator$1.execute(LifecycleProjectEvaluator.java:53)
	at org.gradle.configuration.project.LifecycleProjectEvaluator$1.execute(LifecycleProjectEvaluator.java:50)
	at org.gradle.internal.Transformers$4.transform(Transformers.java:169)
	at org.gradle.internal.progress.DefaultBuildOperationExecutor.run(DefaultBuildOperationExecutor.java:106)
	at org.gradle.internal.progress.DefaultBuildOperationExecutor.run(DefaultBuildOperationExecutor.java:61)
	at org.gradle.configuration.project.LifecycleProjectEvaluator.evaluate(LifecycleProjectEvaluator.java:50)
	at org.gradle.api.internal.project.DefaultProject.evaluate(DefaultProject.java:648)
	at org.gradle.api.internal.project.DefaultProject.evaluate(DefaultProject.java:126)
	at org.gradle.execution.TaskPathProjectEvaluator.configure(TaskPathProjectEvaluator.java:35)
	at org.gradle.execution.TaskPathProjectEvaluator.configureHierarchy(TaskPathProjectEvaluator.java:62)
	at org.gradle.configuration.DefaultBuildConfigurer.configure(DefaultBuildConfigurer.java:38)
	at org.gradle.initialization.DefaultGradleLauncher$ConfigureBuildAction.execute(DefaultGradleLauncher.java:207)
	at org.gradle.initialization.DefaultGradleLauncher$ConfigureBuildAction.execute(DefaultGradleLauncher.java:204)
	at org.gradle.internal.Transformers$4.transform(Transformers.java:169)
	at org.gradle.internal.progress.DefaultBuildOperationExecutor.run(DefaultBuildOperationExecutor.java:106)
	at org.gradle.internal.progress.DefaultBuildOperationExecutor.run(DefaultBuildOperationExecutor.java:56)
	at org.gradle.initialization.DefaultGradleLauncher.doBuildStages(DefaultGradleLauncher.java:146)
	at org.gradle.initialization.DefaultGradleLauncher.doBuild(DefaultGradleLauncher.java:112)
	... 44 more
Caused by: org.gradle.api.UnknownProjectException: Project with path ':react-native-material-dialogs' could not be found in project ':app'.
	at org.gradle.api.internal.project.DefaultProject.project(DefaultProject.java:584)
	at org.gradle.internal.metaobject.BeanDynamicObject$MetaClassAdapter.invokeMethod(BeanDynamicObject.java:464)
	at org.gradle.internal.metaobject.BeanDynamicObject.invokeMethod(BeanDynamicObject.java:176)
	at org.gradle.internal.metaobject.CompositeDynamicObject.invokeMethod(CompositeDynamicObject.java:96)
	at org.gradle.internal.metaobject.MixInClosurePropertiesAsMethodsDynamicObject.invokeMethod(MixInClosurePropertiesAsMethodsDynamicObject.java:30)
	at org.gradle.groovy.scripts.BasicScript.invokeMethod(BasicScript.java:107)
	at org.gradle.internal.metaobject.BeanDynamicObject$GroovyObjectAdapter.invokeOpaqueMethod(BeanDynamicObject.java:562)
	at org.gradle.internal.metaobject.BeanDynamicObject$MetaClassAdapter.invokeMethod(BeanDynamicObject.java:492)
	at org.gradle.internal.metaobject.BeanDynamicObject.invokeMethod(BeanDynamicObject.java:176)
	at org.gradle.internal.metaobject.ConfigureDelegate.invokeMethod(ConfigureDelegate.java:80)
	at build_65jaet6n4do87w4eyou02e7pf$_run_closure2.doCall(/home/odina/Desktop/moviec/myapp/android/app/build.gradle:140)
	at org.gradle.api.internal.ClosureBackedAction.execute(ClosureBackedAction.java:71)
	at org.gradle.util.ConfigureUtil.configureTarget(ConfigureUtil.java:160)
	at org.gradle.util.ConfigureUtil.configure(ConfigureUtil.java:106)
	at org.gradle.api.internal.project.DefaultProject.dependencies(DefaultProject.java:1111)
	at org.gradle.internal.metaobject.BeanDynamicObject$MetaClassAdapter.invokeMethod(BeanDynamicObject.java:464)
	at org.gradle.internal.metaobject.BeanDynamicObject.invokeMethod(BeanDynamicObject.java:176)
	at org.gradle.internal.metaobject.CompositeDynamicObject.invokeMethod(CompositeDynamicObject.java:96)
	at org.gradle.internal.metaobject.MixInClosurePropertiesAsMethodsDynamicObject.invokeMethod(MixInClosurePropertiesAsMethodsDynamicObject.java:30)
	at org.gradle.groovy.scripts.BasicScript.invokeMethod(BasicScript.java:107)
	at org.gradle.groovy.scripts.BasicScript.methodMissing(BasicScript.java:116)
	at build_65jaet6n4do87w4eyou02e7pf.run(/home/odina/Desktop/moviec/myapp/android/app/build.gradle:139)
	at org.gradle.groovy.scripts.internal.DefaultScriptRunnerFactory$ScriptRunnerImpl.run(DefaultScriptRunnerFactory.java:90)
	... 70 more

[Error - 4:59:46 PM] Apr 15, 2018 4:59:33 PM Error occured while building workspace. Details: 
message: The import com.facebook cannot be resolved;code: 268435846
message: The import android cannot be resolved;code: 268435846
message: ReactActivity cannot be resolved to a type;code: 16777218
message: The method getMainComponentName() of type MainActivity must override or implement a supertype method;code: 67109498
message: Intent cannot be resolved to a type;code: 16777218
[Error - 5:24:22 PM] Apr 15, 2018 4:59:33 PM 
null
org.eclipse.jface.text.BadLocationException
	at org.eclipse.jface.text.ListLineTracker.getLineOffset(ListLineTracker.java:194)
	at org.eclipse.jface.text.AbstractLineTracker.getLineOffset(AbstractLineTracker.java:157)
	at org.eclipse.jface.text.AbstractDocument.getLineOffset(AbstractDocument.java:873)
	at org.eclipse.jdt.ls.core.internal.handlers.JsonRpcHelpers.toOffset(JsonRpcHelpers.java:42)
	at org.eclipse.jdt.ls.core.internal.corrections.DiagnosticsHelper.getStartOffset(DiagnosticsHelper.java:51)
	at org.eclipse.jdt.ls.core.internal.handlers.CodeActionHandler.getCodeActionCommands(CodeActionHandler.java:63)
	at org.eclipse.jdt.ls.core.internal.handlers.JDTLanguageServer.lambda$12(JDTLanguageServer.java:515)
	at org.eclipse.jdt.ls.core.internal.handlers.JDTLanguageServer.lambda$21(JDTLanguageServer.java:703)
	at java.util.concurrent.CompletableFuture.uniApply(CompletableFuture.java:602)
	at java.util.concurrent.CompletableFuture$UniApply.tryFire(CompletableFuture.java:577)
	at java.util.concurrent.CompletableFuture$Completion.exec(CompletableFuture.java:443)
	at java.util.concurrent.ForkJoinTask.doExec(ForkJoinTask.java:289)
	at java.util.concurrent.ForkJoinPool$WorkQueue.runTask(ForkJoinPool.java:1056)
	at java.util.concurrent.ForkJoinPool.runWorker(ForkJoinPool.java:1692)
	at java.util.concurrent.ForkJoinWorkerThread.run(ForkJoinWorkerThread.java:157)

