[Info  - 1:52:23 PM] Using tsserver from: /usr/share/code/resources/app/extensions/node_modules/typescript/lib
[Info  - 1:52:23 PM] Forking TSServer
PATH: /usr/local/sbin:/usr/local/bin:/usr/sbin:/usr/bin:/sbin:/bin:/usr/games:/usr/local/games
[Info  - 1:52:23 PM] Started TSServer
[Error  - 2:54:33 PM] 'quickinfo' request failed with error.
Error processing request. Debug Failure. False expression: outername should always be defined
Error: Debug Failure. False expression: outername should always be defined
    at getSuggestionForNonexistentSymbol (/usr/share/code/resources/app/extensions/node_modules/typescript/lib/tsserver.js:33306:22)
    at resolveNameHelper (/usr/share/code/resources/app/extensions/node_modules/typescript/lib/tsserver.js:22003:42)
    at resolveName (/usr/share/code/resources/app/extensions/node_modules/typescript/lib/tsserver.js:21817:20)
    at getResolvedSymbol (/usr/share/code/resources/app/extensions/node_modules/typescript/lib/tsserver.js:30131:21)
    at checkIdentifier (/usr/share/code/resources/app/extensions/node_modules/typescript/lib/tsserver.js:31307:26)
    at checkExpressionWorker (/usr/share/code/resources/app/extensions/node_modules/typescript/lib/tsserver.js:35795:28)
    at checkExpression (/usr/share/code/resources/app/extensions/node_modules/typescript/lib/tsserver.js:35771:42)
    at getTypeOfExpression (/usr/share/code/resources/app/extensions/node_modules/typescript/lib/tsserver.js:35756:58)
    at getRegularTypeOfExpression (/usr/share/code/resources/app/extensions/node_modules/typescript/lib/tsserver.js:39833:48)
    at getTypeOfNode (/usr/share/code/resources/app/extensions/node_modules/typescript/lib/tsserver.js:39772:24)
    at Object.getTypeAtLocation (/usr/share/code/resources/app/extensions/node_modules/typescript/lib/tsserver.js:20987:31)
    at Object.getQuickInfoAtPosition (/usr/share/code/resources/app/extensions/node_modules/typescript/lib/tsserver.js:83067:48)
    at IOSession.Session.getQuickInfoWorker (/usr/share/code/resources/app/extensions/node_modules/typescript/lib/tsserver.js:89979:62)
    at Session.handlers.ts.createMapFromTemplate._a.(anonymous function) (/usr/share/code/resources/app/extensions/node_modules/typescript/lib/tsserver.js:89132:61)
    at /usr/share/code/resources/app/extensions/node_modules/typescript/lib/tsserver.js:90553:88
    at IOSession.Session.executeWithRequestId (/usr/share/code/resources/app/extensions/node_modules/typescript/lib/tsserver.js:90544:28)
    at IOSession.Session.executeCommand (/usr/share/code/resources/app/extensions/node_modules/typescript/lib/tsserver.js:90553:33)
    at IOSession.Session.onMessage (/usr/share/code/resources/app/extensions/node_modules/typescript/lib/tsserver.js:90573:35)
    at Interface.<anonymous> (/usr/share/code/resources/app/extensions/node_modules/typescript/lib/tsserver.js:91774:27)
    at emitOne (events.js:96:13)
    at Interface.emit (events.js:191:7)
    at Interface._onLine (readline.js:241:10)
    at Interface._normalWrite (readline.js:384:12)
    at Socket.ondata (readline.js:101:10)
    at emitOne (events.js:96:13)
    at Socket.emit (events.js:191:7)
    at readableAddChunk (_stream_readable.js:178:18)
    at Socket.Readable.push (_stream_readable.js:136:10)
    at Pipe.onread (net.js:560:20)
[Error  - 5:16:42 PM] 'occurrences' request failed with error.
Error processing request. Cannot read property 'escapedName' of undefined
TypeError: Cannot read property 'escapedName' of undefined
    at symbolName (/usr/share/code/resources/app/extensions/node_modules/typescript/lib/tsserver.js:69569:23)
    at getImport (/usr/share/code/resources/app/extensions/node_modules/typescript/lib/tsserver.js:69509:36)
    at Object.getImportOrExportSymbol (/usr/share/code/resources/app/extensions/node_modules/typescript/lib/tsserver.js:69436:68)
    at getImportOrExportReferences (/usr/share/code/resources/app/extensions/node_modules/typescript/lib/tsserver.js:70283:56)
    at getReferencesAtLocation (/usr/share/code/resources/app/extensions/node_modules/typescript/lib/tsserver.js:70231:17)
    at getReferencesInContainer (/usr/share/code/resources/app/extensions/node_modules/typescript/lib/tsserver.js:70186:21)
    at getReferencedSymbolsForSymbol (/usr/share/code/resources/app/extensions/node_modules/typescript/lib/tsserver.js:69904:25)
    at Object.getReferencedSymbolsForNode (/usr/share/code/resources/app/extensions/node_modules/typescript/lib/tsserver.js:69820:24)
    at Object.getReferenceEntriesForNode (/usr/share/code/resources/app/extensions/node_modules/typescript/lib/tsserver.js:69660:58)
    at getSemanticDocumentHighlights (/usr/share/code/resources/app/extensions/node_modules/typescript/lib/tsserver.js:68595:57)
    at Object.getDocumentHighlights (/usr/share/code/resources/app/extensions/node_modules/typescript/lib/tsserver.js:68584:20)
    at getDocumentHighlights (/usr/share/code/resources/app/extensions/node_modules/typescript/lib/tsserver.js:83133:42)
    at getOccurrencesAtPositionCore (/usr/share/code/resources/app/extensions/node_modules/typescript/lib/tsserver.js:83136:46)
    at Object.getOccurrencesAtPosition (/usr/share/code/resources/app/extensions/node_modules/typescript/lib/tsserver.js:83122:27)
    at IOSession.Session.getOccurrences (/usr/share/code/resources/app/extensions/node_modules/typescript/lib/tsserver.js:89656:64)
    at Session.handlers.ts.createMapFromTemplate._a.(anonymous function) (/usr/share/code/resources/app/extensions/node_modules/typescript/lib/tsserver.js:89272:61)
    at /usr/share/code/resources/app/extensions/node_modules/typescript/lib/tsserver.js:90553:88
    at IOSession.Session.executeWithRequestId (/usr/share/code/resources/app/extensions/node_modules/typescript/lib/tsserver.js:90544:28)
    at IOSession.Session.executeCommand (/usr/share/code/resources/app/extensions/node_modules/typescript/lib/tsserver.js:90553:33)
    at IOSession.Session.onMessage (/usr/share/code/resources/app/extensions/node_modules/typescript/lib/tsserver.js:90573:35)
    at Interface.<anonymous> (/usr/share/code/resources/app/extensions/node_modules/typescript/lib/tsserver.js:91774:27)
    at emitOne (events.js:96:13)
    at Interface.emit (events.js:191:7)
    at Interface._onLine (readline.js:241:10)
    at Interface._normalWrite (readline.js:384:12)
    at Socket.ondata (readline.js:101:10)
    at emitOne (events.js:96:13)
    at Socket.emit (events.js:191:7)
    at readableAddChunk (_stream_readable.js:178:18)
    at Socket.Readable.push (_stream_readable.js:136:10)
    at Pipe.onread (net.js:560:20)
[Error  - 5:43:52 PM] 'quickinfo' request failed with error.
Error processing request. Debug Failure. False expression: `JsxText` tokens should not be the first child of `JsxElement | JsxSelfClosingElement`
Error: Debug Failure. False expression: `JsxText` tokens should not be the first child of `JsxElement | JsxSelfClosingElement`
    at findRightmostChildNodeWithTokens (/usr/share/code/resources/app/extensions/node_modules/typescript/lib/tsserver.js:64835:30)
    at find (/usr/share/code/resources/app/extensions/node_modules/typescript/lib/tsserver.js:64827:33)
    at findPrecedingToken (/usr/share/code/resources/app/extensions/node_modules/typescript/lib/tsserver.js:64793:22)
    at getTokenAtPositionWorker (/usr/share/code/resources/app/extensions/node_modules/typescript/lib/tsserver.js:64756:41)
    at getTouchingToken (/usr/share/code/resources/app/extensions/node_modules/typescript/lib/tsserver.js:64728:16)
    at Object.getTouchingPropertyName (/usr/share/code/resources/app/extensions/node_modules/typescript/lib/tsserver.js:64724:16)
    at Object.getQuickInfoAtPosition (/usr/share/code/resources/app/extensions/node_modules/typescript/lib/tsserver.js:83050:27)
    at IOSession.Session.getQuickInfoWorker (/usr/share/code/resources/app/extensions/node_modules/typescript/lib/tsserver.js:89979:62)
    at Session.handlers.ts.createMapFromTemplate._a.(anonymous function) (/usr/share/code/resources/app/extensions/node_modules/typescript/lib/tsserver.js:89132:61)
    at /usr/share/code/resources/app/extensions/node_modules/typescript/lib/tsserver.js:90553:88
    at IOSession.Session.executeWithRequestId (/usr/share/code/resources/app/extensions/node_modules/typescript/lib/tsserver.js:90544:28)
    at IOSession.Session.executeCommand (/usr/share/code/resources/app/extensions/node_modules/typescript/lib/tsserver.js:90553:33)
    at IOSession.Session.onMessage (/usr/share/code/resources/app/extensions/node_modules/typescript/lib/tsserver.js:90573:35)
    at Interface.<anonymous> (/usr/share/code/resources/app/extensions/node_modules/typescript/lib/tsserver.js:91774:27)
    at emitOne (events.js:96:13)
    at Interface.emit (events.js:191:7)
    at Interface._onLine (readline.js:241:10)
    at Interface._normalWrite (readline.js:384:12)
    at Socket.ondata (readline.js:101:10)
    at emitOne (events.js:96:13)
    at Socket.emit (events.js:191:7)
    at readableAddChunk (_stream_readable.js:178:18)
    at Socket.Readable.push (_stream_readable.js:136:10)
    at Pipe.onread (net.js:560:20)
