[Info  - 2:18:06 PM] Using tsserver from: /usr/share/code/resources/app/extensions/node_modules/typescript/lib
[Info  - 2:18:06 PM] Forking TSServer
PATH: /usr/local/sbin:/usr/local/bin:/usr/sbin:/usr/bin:/sbin:/bin:/usr/games:/usr/local/games
[Info  - 2:18:06 PM] Started TSServer
[Error  - 2:50:55 PM] 'quickinfo' request failed with error.
Error processing request. Debug Failure. False expression: outername should always be defined
Error: Debug Failure. False expression: outername should always be defined
    at getSuggestionForNonexistentSymbol (/usr/share/code/resources/app/extensions/node_modules/typescript/lib/tsserver.js:33306:22)
    at resolveNameHelper (/usr/share/code/resources/app/extensions/node_modules/typescript/lib/tsserver.js:22003:42)
    at resolveName (/usr/share/code/resources/app/extensions/node_modules/typescript/lib/tsserver.js:21817:20)
    at getResolvedSymbol (/usr/share/code/resources/app/extensions/node_modules/typescript/lib/tsserver.js:30131:21)
    at checkIdentifier (/usr/share/code/resources/app/extensions/node_modules/typescript/lib/tsserver.js:31307:26)
    at checkExpressionWorker (/usr/share/code/resources/app/extensions/node_modules/typescript/lib/tsserver.js:35795:28)
    at checkExpression (/usr/share/code/resources/app/extensions/node_modules/typescript/lib/tsserver.js:35771:42)
    at getTypeOfExpression (/usr/share/code/resources/app/extensions/node_modules/typescript/lib/tsserver.js:35756:58)
    at getRegularTypeOfExpression (/usr/share/code/resources/app/extensions/node_modules/typescript/lib/tsserver.js:39833:48)
    at getTypeOfNode (/usr/share/code/resources/app/extensions/node_modules/typescript/lib/tsserver.js:39772:24)
    at Object.getTypeAtLocation (/usr/share/code/resources/app/extensions/node_modules/typescript/lib/tsserver.js:20987:31)
    at Object.getQuickInfoAtPosition (/usr/share/code/resources/app/extensions/node_modules/typescript/lib/tsserver.js:83067:48)
    at IOSession.Session.getQuickInfoWorker (/usr/share/code/resources/app/extensions/node_modules/typescript/lib/tsserver.js:89979:62)
    at Session.handlers.ts.createMapFromTemplate._a.(anonymous function) (/usr/share/code/resources/app/extensions/node_modules/typescript/lib/tsserver.js:89132:61)
    at /usr/share/code/resources/app/extensions/node_modules/typescript/lib/tsserver.js:90553:88
    at IOSession.Session.executeWithRequestId (/usr/share/code/resources/app/extensions/node_modules/typescript/lib/tsserver.js:90544:28)
    at IOSession.Session.executeCommand (/usr/share/code/resources/app/extensions/node_modules/typescript/lib/tsserver.js:90553:33)
    at IOSession.Session.onMessage (/usr/share/code/resources/app/extensions/node_modules/typescript/lib/tsserver.js:90573:35)
    at Interface.<anonymous> (/usr/share/code/resources/app/extensions/node_modules/typescript/lib/tsserver.js:91774:27)
    at emitOne (events.js:96:13)
    at Interface.emit (events.js:191:7)
    at Interface._onLine (readline.js:241:10)
    at Interface._normalWrite (readline.js:384:12)
    at Socket.ondata (readline.js:101:10)
    at emitOne (events.js:96:13)
    at Socket.emit (events.js:191:7)
    at readableAddChunk (_stream_readable.js:178:18)
    at Socket.Readable.push (_stream_readable.js:136:10)
    at Pipe.onread (net.js:560:20)
[Error  - 2:51:10 PM] 'quickinfo' request failed with error.
Error processing request. Debug Failure. False expression: outername should always be defined
Error: Debug Failure. False expression: outername should always be defined
    at getSuggestionForNonexistentSymbol (/usr/share/code/resources/app/extensions/node_modules/typescript/lib/tsserver.js:33306:22)
    at resolveNameHelper (/usr/share/code/resources/app/extensions/node_modules/typescript/lib/tsserver.js:22003:42)
    at resolveName (/usr/share/code/resources/app/extensions/node_modules/typescript/lib/tsserver.js:21817:20)
    at getResolvedSymbol (/usr/share/code/resources/app/extensions/node_modules/typescript/lib/tsserver.js:30131:21)
    at checkIdentifier (/usr/share/code/resources/app/extensions/node_modules/typescript/lib/tsserver.js:31307:26)
    at checkExpressionWorker (/usr/share/code/resources/app/extensions/node_modules/typescript/lib/tsserver.js:35795:28)
    at checkExpression (/usr/share/code/resources/app/extensions/node_modules/typescript/lib/tsserver.js:35771:42)
    at getTypeOfExpression (/usr/share/code/resources/app/extensions/node_modules/typescript/lib/tsserver.js:35756:58)
    at getRegularTypeOfExpression (/usr/share/code/resources/app/extensions/node_modules/typescript/lib/tsserver.js:39833:48)
    at getTypeOfNode (/usr/share/code/resources/app/extensions/node_modules/typescript/lib/tsserver.js:39772:24)
    at Object.getTypeAtLocation (/usr/share/code/resources/app/extensions/node_modules/typescript/lib/tsserver.js:20987:31)
    at Object.getQuickInfoAtPosition (/usr/share/code/resources/app/extensions/node_modules/typescript/lib/tsserver.js:83067:48)
    at IOSession.Session.getQuickInfoWorker (/usr/share/code/resources/app/extensions/node_modules/typescript/lib/tsserver.js:89979:62)
    at Session.handlers.ts.createMapFromTemplate._a.(anonymous function) (/usr/share/code/resources/app/extensions/node_modules/typescript/lib/tsserver.js:89132:61)
    at /usr/share/code/resources/app/extensions/node_modules/typescript/lib/tsserver.js:90553:88
    at IOSession.Session.executeWithRequestId (/usr/share/code/resources/app/extensions/node_modules/typescript/lib/tsserver.js:90544:28)
    at IOSession.Session.executeCommand (/usr/share/code/resources/app/extensions/node_modules/typescript/lib/tsserver.js:90553:33)
    at IOSession.Session.onMessage (/usr/share/code/resources/app/extensions/node_modules/typescript/lib/tsserver.js:90573:35)
    at Interface.<anonymous> (/usr/share/code/resources/app/extensions/node_modules/typescript/lib/tsserver.js:91774:27)
    at emitOne (events.js:96:13)
    at Interface.emit (events.js:191:7)
    at Interface._onLine (readline.js:241:10)
    at Interface._normalWrite (readline.js:384:12)
    at Socket.ondata (readline.js:101:10)
    at emitOne (events.js:96:13)
    at Socket.emit (events.js:191:7)
    at readableAddChunk (_stream_readable.js:178:18)
    at Socket.Readable.push (_stream_readable.js:136:10)
    at Pipe.onread (net.js:560:20)
[Error  - 2:51:11 PM] 'quickinfo' request failed with error.
Error processing request. Debug Failure. False expression: outername should always be defined
Error: Debug Failure. False expression: outername should always be defined
    at getSuggestionForNonexistentSymbol (/usr/share/code/resources/app/extensions/node_modules/typescript/lib/tsserver.js:33306:22)
    at resolveNameHelper (/usr/share/code/resources/app/extensions/node_modules/typescript/lib/tsserver.js:22003:42)
    at resolveName (/usr/share/code/resources/app/extensions/node_modules/typescript/lib/tsserver.js:21817:20)
    at getResolvedSymbol (/usr/share/code/resources/app/extensions/node_modules/typescript/lib/tsserver.js:30131:21)
    at checkIdentifier (/usr/share/code/resources/app/extensions/node_modules/typescript/lib/tsserver.js:31307:26)
    at checkExpressionWorker (/usr/share/code/resources/app/extensions/node_modules/typescript/lib/tsserver.js:35795:28)
    at checkExpression (/usr/share/code/resources/app/extensions/node_modules/typescript/lib/tsserver.js:35771:42)
    at getTypeOfExpression (/usr/share/code/resources/app/extensions/node_modules/typescript/lib/tsserver.js:35756:58)
    at getRegularTypeOfExpression (/usr/share/code/resources/app/extensions/node_modules/typescript/lib/tsserver.js:39833:48)
    at getTypeOfNode (/usr/share/code/resources/app/extensions/node_modules/typescript/lib/tsserver.js:39772:24)
    at Object.getTypeAtLocation (/usr/share/code/resources/app/extensions/node_modules/typescript/lib/tsserver.js:20987:31)
    at Object.getQuickInfoAtPosition (/usr/share/code/resources/app/extensions/node_modules/typescript/lib/tsserver.js:83067:48)
    at IOSession.Session.getQuickInfoWorker (/usr/share/code/resources/app/extensions/node_modules/typescript/lib/tsserver.js:89979:62)
    at Session.handlers.ts.createMapFromTemplate._a.(anonymous function) (/usr/share/code/resources/app/extensions/node_modules/typescript/lib/tsserver.js:89132:61)
    at /usr/share/code/resources/app/extensions/node_modules/typescript/lib/tsserver.js:90553:88
    at IOSession.Session.executeWithRequestId (/usr/share/code/resources/app/extensions/node_modules/typescript/lib/tsserver.js:90544:28)
    at IOSession.Session.executeCommand (/usr/share/code/resources/app/extensions/node_modules/typescript/lib/tsserver.js:90553:33)
    at IOSession.Session.onMessage (/usr/share/code/resources/app/extensions/node_modules/typescript/lib/tsserver.js:90573:35)
    at Interface.<anonymous> (/usr/share/code/resources/app/extensions/node_modules/typescript/lib/tsserver.js:91774:27)
    at emitOne (events.js:96:13)
    at Interface.emit (events.js:191:7)
    at Interface._onLine (readline.js:241:10)
    at Interface._normalWrite (readline.js:384:12)
    at Socket.ondata (readline.js:101:10)
    at emitOne (events.js:96:13)
    at Socket.emit (events.js:191:7)
    at readableAddChunk (_stream_readable.js:178:18)
    at Socket.Readable.push (_stream_readable.js:136:10)
    at Pipe.onread (net.js:560:20)
