[2018-04-19 14:17:59.825] [sharedprocess] [info] main {"machineId":"fba60a6f03b62f661d047839410f71d3236e7917f365cdb85dac48f27fb6bc38"}
[2018-04-19 14:17:59.972] [sharedprocess] [info] Scanned user extensions: 18
[2018-04-19 14:18:00.076] [sharedprocess] [info] Deleted from disk xabikos.reactsnippets-2.0.0
[2018-04-19 14:18:00.083] [sharedprocess] [info] Scanned system extensions: 65
[2018-04-19 14:18:00.089] [sharedprocess] [info] Deleted from disk redhat.java-0.22.0
[2018-04-19 14:18:00.980] [sharedprocess] [info] Scanned user extensions: 18
[2018-04-19 14:18:00.984] [sharedprocess] [info] Scanned user extensions: 18
[2018-04-19 14:18:01.003] [sharedprocess] [info] Scanned system extensions: 65
[2018-04-19 14:18:04.412] [sharedprocess] [info] Scanned user extensions: 18
[2018-04-19 14:18:04.460] [sharedprocess] [info] Installing extension: vscode-react-native
[2018-04-19 14:18:04.546] [sharedprocess] [info] Scanned user extensions: 18
[2018-04-19 14:18:04.598] [sharedprocess] [info] Scanned system extensions: 65
[2018-04-19 14:18:07.253] [sharedprocess] [info] Downloaded extension: vscode-react-native
[2018-04-19 14:18:08.675] [sharedprocess] [info] Extracted extension to /root/.vscode/extensions/vsmobile.vscode-react-native-0.6.7: vsmobile.vscode-react-native-0.6.7
[2018-04-19 14:18:08.694] [sharedprocess] [info] Updated metadata of the extension: vsmobile.vscode-react-native-0.6.7
[2018-04-19 14:18:08.694] [sharedprocess] [info] Extensions installed successfully: vsmobile.vscode-react-native
[2018-04-19 14:18:08.842] [sharedprocess] [info] Scanned user extensions: 18
[2018-04-19 14:18:08.868] [sharedprocess] [info] Scanned system extensions: 65
[2018-04-19 14:18:39.839] [sharedprocess] [info] Starting to clean up unused language packs.
[2018-04-19 14:23:04.687] [sharedprocess] [info] Scanned user extensions: 18
[2018-04-19 14:28:04.763] [sharedprocess] [info] Scanned user extensions: 18
[2018-04-19 14:33:04.818] [sharedprocess] [info] Scanned user extensions: 18
[2018-04-19 14:38:04.872] [sharedprocess] [info] Scanned user extensions: 18
[2018-04-19 14:43:04.961] [sharedprocess] [info] Scanned user extensions: 18
[2018-04-19 14:48:05.012] [sharedprocess] [info] Scanned user extensions: 18
[2018-04-19 14:53:05.103] [sharedprocess] [info] Scanned user extensions: 18
[2018-04-19 14:58:05.156] [sharedprocess] [info] Scanned user extensions: 18
[2018-04-19 15:03:05.327] [sharedprocess] [info] Scanned user extensions: 18
[2018-04-19 15:08:05.444] [sharedprocess] [info] Scanned user extensions: 18
[2018-04-19 15:13:05.546] [sharedprocess] [info] Scanned user extensions: 18
[2018-04-19 15:18:05.924] [sharedprocess] [info] Scanned user extensions: 18
[2018-04-19 15:23:05.964] [sharedprocess] [info] Scanned user extensions: 18
[2018-04-19 15:28:05.999] [sharedprocess] [info] Scanned user extensions: 18
[2018-04-19 15:33:06.059] [sharedprocess] [info] Scanned user extensions: 18
[2018-04-19 15:38:06.208] [sharedprocess] [info] Scanned user extensions: 18
[2018-04-19 15:43:06.286] [sharedprocess] [info] Scanned user extensions: 18
[2018-04-19 15:48:06.454] [sharedprocess] [info] Scanned user extensions: 18
[2018-04-19 15:53:06.508] [sharedprocess] [info] Scanned user extensions: 18
[2018-04-19 15:58:06.606] [sharedprocess] [info] Scanned user extensions: 18
[2018-04-19 16:03:06.650] [sharedprocess] [info] Scanned user extensions: 18
[2018-04-19 16:08:06.698] [sharedprocess] [info] Scanned user extensions: 18
[2018-04-19 16:13:06.745] [sharedprocess] [info] Scanned user extensions: 18
[2018-04-19 16:18:07.139] [sharedprocess] [info] Scanned user extensions: 18
[2018-04-19 16:23:07.251] [sharedprocess] [info] Scanned user extensions: 18
[2018-04-19 16:28:07.411] [sharedprocess] [info] Scanned user extensions: 18
[2018-04-19 16:33:07.601] [sharedprocess] [info] Scanned user extensions: 18
[2018-04-19 16:38:07.716] [sharedprocess] [info] Scanned user extensions: 18
[2018-04-19 16:43:07.765] [sharedprocess] [info] Scanned user extensions: 18
[2018-04-19 16:48:07.802] [sharedprocess] [info] Scanned user extensions: 18
[2018-04-19 16:53:07.921] [sharedprocess] [info] Scanned user extensions: 18
[2018-04-19 16:58:08.019] [sharedprocess] [info] Scanned user extensions: 18
[2018-04-19 17:03:08.072] [sharedprocess] [info] Scanned user extensions: 18
[2018-04-19 17:08:08.117] [sharedprocess] [info] Scanned user extensions: 18
[2018-04-19 17:13:08.177] [sharedprocess] [info] Scanned user extensions: 18
[2018-04-19 17:18:08.581] [sharedprocess] [info] Scanned user extensions: 18
[2018-04-19 17:23:08.635] [sharedprocess] [info] Scanned user extensions: 18
[2018-04-19 17:28:08.680] [sharedprocess] [info] Scanned user extensions: 18
[2018-04-19 17:33:08.744] [sharedprocess] [info] Scanned user extensions: 18
[2018-04-19 17:38:08.786] [sharedprocess] [info] Scanned user extensions: 18
[2018-04-19 17:43:08.822] [sharedprocess] [info] Scanned user extensions: 18
[2018-04-19 17:48:08.886] [sharedprocess] [info] Scanned user extensions: 18
[2018-04-19 17:53:08.923] [sharedprocess] [info] Scanned user extensions: 18
[2018-04-19 17:58:09.102] [sharedprocess] [info] Scanned user extensions: 18
[2018-04-19 18:03:09.261] [sharedprocess] [info] Scanned user extensions: 18
[2018-04-19 18:08:09.316] [sharedprocess] [info] Scanned user extensions: 18
[2018-04-19 18:13:09.364] [sharedprocess] [info] Scanned user extensions: 18
[2018-04-19 18:18:09.649] [sharedprocess] [info] Scanned user extensions: 18
[2018-04-19 18:23:09.702] [sharedprocess] [info] Scanned user extensions: 18
[2018-04-19 18:28:09.732] [sharedprocess] [info] Scanned user extensions: 18
[2018-04-19 18:33:09.809] [sharedprocess] [info] Scanned user extensions: 18
[2018-04-19 18:38:09.885] [sharedprocess] [info] Scanned user extensions: 18
[2018-04-19 18:43:09.939] [sharedprocess] [info] Scanned user extensions: 18
[2018-04-19 18:48:10.009] [sharedprocess] [info] Scanned user extensions: 18
[2018-04-19 18:53:10.058] [sharedprocess] [info] Scanned user extensions: 18
[2018-04-19 18:58:10.121] [sharedprocess] [info] Scanned user extensions: 18
