#
# There is insufficient memory for the Java Runtime Environment to continue.
# Native memory allocation (malloc) failed to allocate 1228768 bytes for Chunk::new
# Possible reasons:
#   The system is out of physical RAM or swap space
#   In 32 bit mode, the process size limit was hit
# Possible solutions:
#   Reduce memory load on the system
#   Increase physical memory or swap space
#   Check if swap backing store is full
#   Use 64 bit Java on a 64 bit OS
#   Decrease Java heap size (-Xmx/-Xms)
#   Decrease number of Java threads
#   Decrease Java thread stack sizes (-Xss)
#   Set larger code cache with -XX:ReservedCodeCacheSize=
# This output file may be truncated or incomplete.
#
#  Out of Memory Error (allocation.cpp:390), pid=18100, tid=0x0000000000004480
#
# JRE version: Java(TM) SE Runtime Environment (8.0_171-b11) (build 1.8.0_171-b11)
# Java VM: Java HotSpot(TM) 64-Bit Server VM (25.171-b11 mixed mode windows-amd64 compressed oops)
# Failed to write core dump. Minidumps are not enabled by default on client versions of Windows
#

---------------  T H R E A D  ---------------

Current thread (0x0000000014ecf000):  JavaThread "C2 CompilerThread0" daemon [_thread_in_native, id=17536, stack(0x0000000016520000,0x0000000016620000)]

Stack: [0x0000000016520000,0x0000000016620000]
[error occurred during error reporting (printing stack bounds), id 0xc0000005]

Native frames: (J=compiled Java code, j=interpreted, Vv=VM code, C=native code)


Current CompileTask:
C2:  17628 2017   !   4       com.android.dx.cf.code.Ropper::processBlock (1101 bytes)


---------------  P R O C E S S  ---------------

Java Threads: ( => current thread )
  0x0000000017169800 JavaThread "pool-1-thread-4" [_thread_in_Java, id=5520, stack(0x00000000189f0000,0x0000000018af0000)]
  0x0000000017168800 JavaThread "pool-1-thread-3" [_thread_in_Java, id=18572, stack(0x00000000188f0000,0x00000000189f0000)]
  0x0000000017168000 JavaThread "pool-1-thread-2" [_thread_in_Java, id=13940, stack(0x00000000187f0000,0x00000000188f0000)]
  0x0000000016bce800 JavaThread "pool-2-thread-1" [_thread_blocked, id=2428, stack(0x00000000186f0000,0x00000000187f0000)]
  0x0000000016ba4800 JavaThread "pool-1-thread-1" [_thread_in_Java, id=14432, stack(0x00000000185f0000,0x00000000186f0000)]
  0x0000000016820800 JavaThread "Service Thread" daemon [_thread_blocked, id=20604, stack(0x0000000016c20000,0x0000000016d20000)]
  0x0000000014f2c000 JavaThread "C1 CompilerThread2" daemon [_thread_blocked, id=1220, stack(0x0000000016720000,0x0000000016820000)]
  0x0000000014ed3000 JavaThread "C2 CompilerThread1" daemon [_thread_in_native, id=14376, stack(0x0000000016620000,0x0000000016720000)]
=>0x0000000014ecf000 JavaThread "C2 CompilerThread0" daemon [_thread_in_native, id=17536, stack(0x0000000016520000,0x0000000016620000)]
  0x0000000014ecd000 JavaThread "Attach Listener" daemon [_thread_blocked, id=19652, stack(0x0000000016420000,0x0000000016520000)]
  0x00000000027fe000 JavaThread "Signal Dispatcher" daemon [_thread_blocked, id=22356, stack(0x0000000016320000,0x0000000016420000)]
  0x0000000014eba000 JavaThread "Finalizer" daemon [_thread_blocked, id=17124, stack(0x0000000016130000,0x0000000016230000)]
  0x0000000014e99000 JavaThread "Reference Handler" daemon [_thread_blocked, id=1732, stack(0x0000000016030000,0x0000000016130000)]
  0x0000000002702800 JavaThread "main" [_thread_blocked, id=2764, stack(0x0000000002580000,0x0000000002680000)]

Other Threads:
  0x0000000014e97000 VMThread [stack: 0x0000000015f30000,0x0000000016030000] [id=11000]
  0x0000000016825800 WatcherThread [stack: 0x0000000016d20000,0x0000000016e20000] [id=22524]

VM state:not at safepoint (normal execution)

VM Mutex/Monitor currently owned by a thread: None

Heap:
 PSYoungGen      total 139776K, used 41595K [0x00000000eab00000, 0x00000000f9f00000, 0x0000000100000000)
  eden space 118784K, 25% used [0x00000000eab00000,0x00000000ec8a9190,0x00000000f1f00000)
  from space 20992K, 53% used [0x00000000f1f00000,0x00000000f29f5bb8,0x00000000f3380000)
  to   space 29696K, 0% used [0x00000000f8200000,0x00000000f8200000,0x00000000f9f00000)
 ParOldGen       total 42496K, used 42435K [0x00000000c0000000, 0x00000000c2980000, 0x00000000eab00000)
  object space 42496K, 99% used [0x00000000c0000000,0x00000000c2970fe0,0x00000000c2980000)
 Metaspace       used 6594K, capacity 7384K, committed 7680K, reserved 1056768K
  class space    used 631K, capacity 656K, committed 768K, reserved 1048576K

Card table byte_map: [0x0000000011bc0000,0x0000000011dd0000] byte_map_base: 0x00000000115c0000

Marking Bits: (ParMarkBitMap*) 0x000000006aa508c0
 Begin Bits: [0x0000000012330000, 0x0000000013330000)
 End Bits:   [0x0000000013330000, 0x0000000014330000)

Polling page: 0x0000000002530000

CodeCache: size=245760Kb used=8997Kb max_used=8997Kb free=236762Kb
 bounds [0x0000000002800000, 0x00000000030e0000, 0x0000000011800000]
 total_blobs=2322 nmethods=2056 adapters=178
 compilation: enabled

Compilation events (10 events):
Event: 17.412 Thread 0x0000000014f2c000 2287       2       com.android.dx.cf.direct.AnnotationParser::parseValue (805 bytes)
Event: 17.420 Thread 0x0000000014f2c000 nmethod 2287 0x00000000030b81d0 code [0x00000000030b8b20, 0x00000000030bc948]
Event: 17.438 Thread 0x0000000014f2c000 2288       2       com.android.dx.rop.code.SwitchInsn::<init> (49 bytes)
Event: 17.438 Thread 0x0000000014f2c000 nmethod 2288 0x000000000309fdd0 code [0x000000000309ff60, 0x00000000030a0268]
Event: 17.462 Thread 0x0000000014f2c000 2289   !   2       com.android.dx.cf.code.RopperMachine::run (1608 bytes)
Event: 17.479 Thread 0x0000000014f2c000 nmethod 2289 0x00000000030c1410 code [0x00000000030c1e80, 0x00000000030c6e08]
Event: 17.480 Thread 0x0000000014f2c000 2290       2       com.android.dx.rop.code.Rops::opAget (97 bytes)
Event: 17.481 Thread 0x0000000014f2c000 nmethod 2290 0x000000000309f390 code [0x000000000309f560, 0x000000000309fad8]
Event: 17.490 Thread 0x0000000014f2c000 2291       1       com.android.dx.rop.cst.CstDouble::getType (4 bytes)
Event: 17.490 Thread 0x0000000014f2c000 nmethod 2291 0x000000000309f0d0 code [0x000000000309f220, 0x000000000309f330]

GC Heap History (10 events):
Event: 3.644 GC heap before
{Heap before GC invocations=6 (full 0):
 PSYoungGen      total 34304K, used 34278K [0x00000000eab00000, 0x00000000efb00000, 0x0000000100000000)
  eden space 31744K, 100% used [0x00000000eab00000,0x00000000eca00000,0x00000000eca00000)
  from space 2560K, 98% used [0x00000000eca00000,0x00000000ecc798a8,0x00000000ecc80000)
  to   space 9216K, 0% used [0x00000000ef200000,0x00000000ef200000,0x00000000efb00000)
 ParOldGen       total 42496K, used 11867K [0x00000000c0000000, 0x00000000c2980000, 0x00000000eab00000)
  object space 42496K, 27% used [0x00000000c0000000,0x00000000c0b96d48,0x00000000c2980000)
 Metaspace       used 6376K, capacity 7216K, committed 7296K, reserved 1056768K
  class space    used 608K, capacity 616K, committed 640K, reserved 1048576K
Event: 3.686 GC heap after
Heap after GC invocations=6 (full 0):
 PSYoungGen      total 71168K, used 7929K [0x00000000eab00000, 0x00000000efe00000, 0x0000000100000000)
  eden space 61952K, 0% used [0x00000000eab00000,0x00000000eab00000,0x00000000ee780000)
  from space 9216K, 86% used [0x00000000ef200000,0x00000000ef9be530,0x00000000efb00000)
  to   space 10752K, 0% used [0x00000000ee780000,0x00000000ee780000,0x00000000ef200000)
 ParOldGen       total 42496K, used 11867K [0x00000000c0000000, 0x00000000c2980000, 0x00000000eab00000)
  object space 42496K, 27% used [0x00000000c0000000,0x00000000c0b96d48,0x00000000c2980000)
 Metaspace       used 6376K, capacity 7216K, committed 7296K, reserved 1056768K
  class space    used 608K, capacity 616K, committed 640K, reserved 1048576K
}
Event: 4.702 GC heap before
{Heap before GC invocations=7 (full 0):
 PSYoungGen      total 71168K, used 69881K [0x00000000eab00000, 0x00000000efe00000, 0x0000000100000000)
  eden space 61952K, 100% used [0x00000000eab00000,0x00000000ee780000,0x00000000ee780000)
  from space 9216K, 86% used [0x00000000ef200000,0x00000000ef9be530,0x00000000efb00000)
  to   space 10752K, 0% used [0x00000000ee780000,0x00000000ee780000,0x00000000ef200000)
 ParOldGen       total 42496K, used 11867K [0x00000000c0000000, 0x00000000c2980000, 0x00000000eab00000)
  object space 42496K, 27% used [0x00000000c0000000,0x00000000c0b96d48,0x00000000c2980000)
 Metaspace       used 6445K, capacity 7280K, committed 7552K, reserved 1056768K
  class space    used 609K, capacity 616K, committed 640K, reserved 1048576K
Event: 5.046 GC heap after
Heap after GC invocations=7 (full 0):
 PSYoungGen      total 72704K, used 10730K [0x00000000eab00000, 0x00000000f4300000, 0x0000000100000000)
  eden space 61952K, 0% used [0x00000000eab00000,0x00000000eab00000,0x00000000ee780000)
  from space 10752K, 99% used [0x00000000ee780000,0x00000000ef1faba8,0x00000000ef200000)
  to   space 15872K, 0% used [0x00000000f3380000,0x00000000f3380000,0x00000000f4300000)
 ParOldGen       total 42496K, used 18822K [0x00000000c0000000, 0x00000000c2980000, 0x00000000eab00000)
  object space 42496K, 44% used [0x00000000c0000000,0x00000000c1261950,0x00000000c2980000)
 Metaspace       used 6445K, capacity 7280K, committed 7552K, reserved 1056768K
  class space    used 609K, capacity 616K, committed 640K, reserved 1048576K
}
Event: 6.703 GC heap before
{Heap before GC invocations=8 (full 0):
 PSYoungGen      total 72704K, used 72682K [0x00000000eab00000, 0x00000000f4300000, 0x0000000100000000)
  eden space 61952K, 100% used [0x00000000eab00000,0x00000000ee780000,0x00000000ee780000)
  from space 10752K, 99% used [0x00000000ee780000,0x00000000ef1faba8,0x00000000ef200000)
  to   space 15872K, 0% used [0x00000000f3380000,0x00000000f3380000,0x00000000f4300000)
 ParOldGen       total 42496K, used 18822K [0x00000000c0000000, 0x00000000c2980000, 0x00000000eab00000)
  object space 42496K, 44% used [0x00000000c0000000,0x00000000c1261950,0x00000000c2980000)
 Metaspace       used 6554K, capacity 7320K, committed 7680K, reserved 1056768K
  class space    used 630K, capacity 656K, committed 768K, reserved 1048576K
Event: 7.198 GC heap after
Heap after GC invocations=8 (full 0):
 PSYoungGen      total 134656K, used 15864K [0x00000000eab00000, 0x00000000f4d00000, 0x0000000100000000)
  eden space 118784K, 0% used [0x00000000eab00000,0x00000000eab00000,0x00000000f1f00000)
  from space 15872K, 99% used [0x00000000f3380000,0x00000000f42fe1a8,0x00000000f4300000)
  to   space 20992K, 0% used [0x00000000f1f00000,0x00000000f1f00000,0x00000000f3380000)
 ParOldGen       total 42496K, used 23509K [0x00000000c0000000, 0x00000000c2980000, 0x00000000eab00000)
  object space 42496K, 55% used [0x00000000c0000000,0x00000000c16f5408,0x00000000c2980000)
 Metaspace       used 6554K, capacity 7320K, committed 7680K, reserved 1056768K
  class space    used 630K, capacity 656K, committed 768K, reserved 1048576K
}
Event: 12.472 GC heap before
{Heap before GC invocations=9 (full 0):
 PSYoungGen      total 134656K, used 134648K [0x00000000eab00000, 0x00000000f4d00000, 0x0000000100000000)
  eden space 118784K, 100% used [0x00000000eab00000,0x00000000f1f00000,0x00000000f1f00000)
  from space 15872K, 99% used [0x00000000f3380000,0x00000000f42fe1a8,0x00000000f4300000)
  to   space 20992K, 0% used [0x00000000f1f00000,0x00000000f1f00000,0x00000000f3380000)
 ParOldGen       total 42496K, used 23509K [0x00000000c0000000, 0x00000000c2980000, 0x00000000eab00000)
  object space 42496K, 55% used [0x00000000c0000000,0x00000000c16f5408,0x00000000c2980000)
 Metaspace       used 6580K, capacity 7320K, committed 7680K, reserved 1056768K
  class space    used 631K, capacity 656K, committed 768K, reserved 1048576K
Event: 13.362 GC heap after
Heap after GC invocations=9 (full 0):
 PSYoungGen      total 139776K, used 20984K [0x00000000eab00000, 0x00000000f9f00000, 0x0000000100000000)
  eden space 118784K, 0% used [0x00000000eab00000,0x00000000eab00000,0x00000000f1f00000)
  from space 20992K, 99% used [0x00000000f1f00000,0x00000000f337e018,0x00000000f3380000)
  to   space 29696K, 0% used [0x00000000f8200000,0x00000000f8200000,0x00000000f9f00000)
 ParOldGen       total 42496K, used 36417K [0x00000000c0000000, 0x00000000c2980000, 0x00000000eab00000)
  object space 42496K, 85% used [0x00000000c0000000,0x00000000c2390408,0x00000000c2980000)
 Metaspace       used 6580K, capacity 7320K, committed 7680K, reserved 1056768K
  class space    used 631K, capacity 656K, committed 768K, reserved 1048576K
}
Event: 13.362 GC heap before
{Heap before GC invocations=10 (full 1):
 PSYoungGen      total 139776K, used 20984K [0x00000000eab00000, 0x00000000f9f00000, 0x0000000100000000)
  eden space 118784K, 0% used [0x00000000eab00000,0x00000000eab00000,0x00000000f1f00000)
  from space 20992K, 99% used [0x00000000f1f00000,0x00000000f337e018,0x00000000f3380000)
  to   space 29696K, 0% used [0x00000000f8200000,0x00000000f8200000,0x00000000f9f00000)
 ParOldGen       total 42496K, used 36417K [0x00000000c0000000, 0x00000000c2980000, 0x00000000eab00000)
  object space 42496K, 85% used [0x00000000c0000000,0x00000000c2390408,0x00000000c2980000)
 Metaspace       used 6580K, capacity 7320K, committed 7680K, reserved 1056768K
  class space    used 631K, capacity 656K, committed 768K, reserved 1048576K
Event: 17.130 GC heap after
Heap after GC invocations=10 (full 1):
 PSYoungGen      total 139776K, used 11222K [0x00000000eab00000, 0x00000000f9f00000, 0x0000000100000000)
  eden space 118784K, 0% used [0x00000000eab00000,0x00000000eab00000,0x00000000f1f00000)
  from space 20992K, 53% used [0x00000000f1f00000,0x00000000f29f5bb8,0x00000000f3380000)
  to   space 29696K, 0% used [0x00000000f8200000,0x00000000f8200000,0x00000000f9f00000)
 ParOldGen       total 42496K, used 42435K [0x00000000c0000000, 0x00000000c2980000, 0x00000000eab00000)
  object space 42496K, 99% used [0x00000000c0000000,0x00000000c2970fe0,0x00000000c2980000)
 Metaspace       used 6580K, capacity 7320K, committed 7680K, reserved 1056768K
  class space    used 631K, capacity 656K, committed 768K, reserved 1048576K
}

Deoptimization events (10 events):
Event: 7.513 Thread 0x0000000017168000 Uncommon trap: reason=bimorphic action=maybe_recompile pc=0x0000000002ff1d24 method=com.android.dx.cf.code.BytecodeArray.parseInstruction(ILcom/android/dx/cf/code/BytecodeArray$Visitor;)I @ 907
Event: 7.513 Thread 0x0000000017168000 Uncommon trap: reason=bimorphic action=maybe_recompile pc=0x0000000002ff2314 method=com.android.dx.cf.code.BytecodeArray.parseInstruction(ILcom/android/dx/cf/code/BytecodeArray$Visitor;)I @ 1130
Event: 7.513 Thread 0x0000000017168000 Uncommon trap: reason=bimorphic action=maybe_recompile pc=0x0000000002ff1db0 method=com.android.dx.cf.code.BytecodeArray.parseInstruction(ILcom/android/dx/cf/code/BytecodeArray$Visitor;)I @ 923
Event: 7.514 Thread 0x0000000017168000 Uncommon trap: reason=bimorphic action=maybe_recompile pc=0x0000000002ff1d24 method=com.android.dx.cf.code.BytecodeArray.parseInstruction(ILcom/android/dx/cf/code/BytecodeArray$Visitor;)I @ 907
Event: 8.164 Thread 0x0000000017168000 Uncommon trap: reason=unstable_if action=reinterpret pc=0x00000000030194bc method=java.util.HashMap.getNode(ILjava/lang/Object;)Ljava/util/HashMap$Node; @ 84
Event: 11.475 Thread 0x0000000017168000 Uncommon trap: reason=bimorphic action=maybe_recompile pc=0x00000000030368a8 method=com.android.dx.cf.code.BytecodeArray.parseInstruction(ILcom/android/dx/cf/code/BytecodeArray$Visitor;)I @ 2135
Event: 11.475 Thread 0x0000000017168000 Uncommon trap: reason=bimorphic action=maybe_recompile pc=0x00000000030368a8 method=com.android.dx.cf.code.BytecodeArray.parseInstruction(ILcom/android/dx/cf/code/BytecodeArray$Visitor;)I @ 2135
Event: 17.133 Thread 0x0000000016ba4800 Uncommon trap: reason=unstable_if action=reinterpret pc=0x0000000003080e28 method=java.util.HashMap.putVal(ILjava/lang/Object;Ljava/lang/Object;ZZ)Ljava/lang/Object; @ 109
Event: 17.149 Thread 0x0000000017168800 Uncommon trap: reason=unstable_if action=reinterpret pc=0x0000000002f69394 method=java.util.HashMap.resize()[Ljava/util/HashMap$Node; @ 206
Event: 17.462 Thread 0x0000000017168800 Uncommon trap: reason=unstable_if action=reinterpret pc=0x000000000308764c method=com.android.dx.cf.code.RopperMachine.run(Lcom/android/dx/cf/code/Frame;II)V @ 356

Classes redefined (0 events):
No events

Internal exceptions (5 events):
Event: 0.162 Thread 0x0000000002702800 Exception <a 'java/lang/NoSuchMethodError': Method sun.misc.Unsafe.defineClass(Ljava/lang/String;[BII)Ljava/lang/Class; name or signature does not match> (0x00000000eab07cb0) thrown at [C:\re\workspace\8-2-build-windows-amd64-cygwin\jdk8u171\10807\hotspot
Event: 0.162 Thread 0x0000000002702800 Exception <a 'java/lang/NoSuchMethodError': Method sun.misc.Unsafe.prefetchRead(Ljava/lang/Object;J)V name or signature does not match> (0x00000000eab07f98) thrown at [C:\re\workspace\8-2-build-windows-amd64-cygwin\jdk8u171\10807\hotspot\src\share\vm\prim
Event: 6.027 Thread 0x0000000017169800 Exception <a 'java/lang/ArrayIndexOutOfBoundsException': 18> (0x00000000ed742330) thrown at [C:\re\workspace\8-2-build-windows-amd64-cygwin\jdk8u171\10807\hotspot\src\share\vm\interpreter\interpreterRuntime.cpp, line 366]
Event: 6.027 Thread 0x0000000017169800 Exception <a 'java/lang/ArrayIndexOutOfBoundsException'> (0x00000000ed743eb0) thrown at [C:\re\workspace\8-2-build-windows-amd64-cygwin\jdk8u171\10807\hotspot\src\share\vm\runtime\sharedRuntime.cpp, line 605]
Event: 6.029 Thread 0x0000000017169800 Exception <a 'java/lang/ArrayIndexOutOfBoundsException'> (0x00000000ed745198) thrown at [C:\re\workspace\8-2-build-windows-amd64-cygwin\jdk8u171\10807\hotspot\src\share\vm\runtime\sharedRuntime.cpp, line 605]

Events (10 events):
Event: 17.149 Thread 0x0000000017168800 DEOPT UNPACKING pc=0x000000000284583b sp=0x00000000189ee3a8 mode 2
Event: 17.312 Thread 0x0000000017168000 DEOPT PACKING pc=0x0000000002cc02b2 sp=0x00000000188ee7e0
Event: 17.312 Thread 0x0000000017168000 DEOPT UNPACKING pc=0x0000000002847890 sp=0x00000000188ee558 mode 0
Event: 17.314 Thread 0x0000000017168000 DEOPT PACKING pc=0x0000000002ddf602 sp=0x00000000188ee490
Event: 17.314 Thread 0x0000000017168000 DEOPT UNPACKING pc=0x0000000002847890 sp=0x00000000188ee1c0 mode 0
Event: 17.351 Thread 0x0000000017169800 DEOPT PACKING pc=0x0000000002db9be8 sp=0x0000000018aee4d0
Event: 17.351 Thread 0x0000000017169800 DEOPT UNPACKING pc=0x0000000002847890 sp=0x0000000018aee248 mode 0
Event: 17.461 Thread 0x0000000017168800 Uncommon trap: trap_request=0xffffff65 fr.pc=0x000000000308764c
Event: 17.462 Thread 0x0000000017168800 DEOPT PACKING pc=0x000000000308764c sp=0x00000000189ee2b0
Event: 17.462 Thread 0x0000000017168800 DEOPT UNPACKING pc=0x000000000284583b sp=0x00000000189ee280 mode 2


Dynamic libraries:
0x00007ff6179c0000 - 0x00007ff6179f7000 	C:\Program Files\Java\jdk1.8.0_171\bin\java.exe
0x00007ffa30dd0000 - 0x00007ffa30fb1000 	C:\Windows\SYSTEM32\ntdll.dll
0x00007ffa2e930000 - 0x00007ffa2e9e2000 	C:\Windows\System32\KERNEL32.DLL
0x00007ffa2dda0000 - 0x00007ffa2e013000 	C:\Windows\System32\KERNELBASE.dll
0x00007ffa30710000 - 0x00007ffa307b1000 	C:\Windows\System32\ADVAPI32.dll
0x00007ffa307c0000 - 0x00007ffa3085e000 	C:\Windows\System32\msvcrt.dll
0x00007ffa30580000 - 0x00007ffa305db000 	C:\Windows\System32\sechost.dll
0x00007ffa2e800000 - 0x00007ffa2e924000 	C:\Windows\System32\RPCRT4.dll
0x00007ffa2ee30000 - 0x00007ffa2efc0000 	C:\Windows\System32\USER32.dll
0x00007ffa2d2a0000 - 0x00007ffa2d2c0000 	C:\Windows\System32\win32u.dll
0x00007ffa2ee00000 - 0x00007ffa2ee28000 	C:\Windows\System32\GDI32.dll
0x00007ffa2dba0000 - 0x00007ffa2dd32000 	C:\Windows\System32\gdi32full.dll
0x00007ffa2d2c0000 - 0x00007ffa2d35f000 	C:\Windows\System32\msvcp_win.dll
0x00007ffa2d1a0000 - 0x00007ffa2d29a000 	C:\Windows\System32\ucrtbase.dll
0x00007ffa187c0000 - 0x00007ffa18a29000 	C:\Windows\WinSxS\amd64_microsoft.windows.common-controls_6595b64144ccf1df_6.0.17134.48_none_b4b2216a3cb4dd3e\COMCTL32.dll
0x00007ffa2e280000 - 0x00007ffa2e5a3000 	C:\Windows\System32\combase.dll
0x00007ffa2d360000 - 0x00007ffa2d3da000 	C:\Windows\System32\bcryptPrimitives.dll
0x00007ffa30900000 - 0x00007ffa3092d000 	C:\Windows\System32\IMM32.DLL
0x000000006abc0000 - 0x000000006ac92000 	C:\Program Files\Java\jdk1.8.0_171\jre\bin\msvcr100.dll
0x000000006a230000 - 0x000000006aad0000 	C:\Program Files\Java\jdk1.8.0_171\jre\bin\server\jvm.dll
0x00007ffa2edf0000 - 0x00007ffa2edf8000 	C:\Windows\System32\PSAPI.DLL
0x00007ffa26450000 - 0x00007ffa26459000 	C:\Windows\SYSTEM32\WSOCK32.dll
0x00007ffa2eac0000 - 0x00007ffa2eb2c000 	C:\Windows\System32\WS2_32.dll
0x00007ffa2b300000 - 0x00007ffa2b323000 	C:\Windows\SYSTEM32\WINMM.dll
0x00007ffa20780000 - 0x00007ffa2078a000 	C:\Windows\SYSTEM32\VERSION.dll
0x00007ffa2b1e0000 - 0x00007ffa2b20a000 	C:\Windows\SYSTEM32\WINMMBASE.dll
0x00007ffa2e020000 - 0x00007ffa2e069000 	C:\Windows\System32\cfgmgr32.dll
0x000000006abb0000 - 0x000000006abbf000 	C:\Program Files\Java\jdk1.8.0_171\jre\bin\verify.dll
0x000000006ab80000 - 0x000000006aba9000 	C:\Program Files\Java\jdk1.8.0_171\jre\bin\java.dll
0x000000006ab60000 - 0x000000006ab76000 	C:\Program Files\Java\jdk1.8.0_171\jre\bin\zip.dll
0x00007ffa2efc0000 - 0x00007ffa30400000 	C:\Windows\System32\SHELL32.dll
0x00007ffa30660000 - 0x00007ffa30709000 	C:\Windows\System32\shcore.dll
0x00007ffa2d490000 - 0x00007ffa2db9d000 	C:\Windows\System32\windows.storage.dll
0x00007ffa2ed30000 - 0x00007ffa2ed81000 	C:\Windows\System32\shlwapi.dll
0x00007ffa2d140000 - 0x00007ffa2d151000 	C:\Windows\System32\kernel.appcore.dll
0x00007ffa2d160000 - 0x00007ffa2d17f000 	C:\Windows\System32\profapi.dll
0x00007ffa2d0e0000 - 0x00007ffa2d12c000 	C:\Windows\System32\powrprof.dll
0x00007ffa2d130000 - 0x00007ffa2d13a000 	C:\Windows\System32\FLTLIB.DLL

VM Arguments:
jvm_args: -Djava.awt.headless=true -Xmx1024M -Dfile.encoding=windows-1252 -Duser.country=US -Duser.language=en -Duser.variant 
java_command: com.android.dx.command.Main --dex --num-threads=4 --output C:\Users\ODIN\Desktop\movies\react-native-movies-app\android\app\build\intermediates\pre-dexed\debug\com.facebook.react-react-native-0.55.2_468b778de449037c97bc4903fcf671eb0c8e848d.jar C:\Users\ODIN\Desktop\movies\react-native-movies-app\android\app\build\intermediates\exploded-aar\com.facebook.react\react-native\0.55.2\jars\classes.jar
java_class_path (initial): C:\Users\ODIN\AppData\Local\Android\Sdk\build-tools\26.0.2\lib\dx.jar
Launcher Type: SUN_STANDARD

Environment Variables:
JAVA_HOME=C:\Program Files\Java\jdk1.8.0_171
CLASSPATH=C:\Users\ODIN\Desktop\movies\react-native-movies-app\android\\gradle\wrapper\gradle-wrapper.jar
PATH=C:\Program Files (x86)\Common Files\Oracle\Java\javapath;C:\Windows\system32;C:\Windows;C:\Windows\System32\Wbem;C:\Windows\System32\WindowsPowerShell\v1.0\;C:\Windows\System32\OpenSSH\;C:\Program Files\Git\cmd;C:\Program Files\Git\mingw64\bin;C:\Program Files\Git\usr\bin;C:\Users\ODIN\AppData\Local\Microsoft\WindowsApps;C:\Program Files\Microsoft VS Code\bin;C:\Users\ODIN\AppData\Local\hyper\app-2.0.0\resources\bin;C:\Users\ODIN\AppData\Roaming\npm;C:\adb;C:\Program Files\nodejs\;C:\Users\ODIN\AppData\Local\Microsoft\WindowsApps;C:\Program Files\Microsoft VS Code\bin;C:\Users\ODIN\AppData\Local\hyper\app-2.0.0\resources\bin;C:\adb;C:\Users\ODIN\AppData\Roaming\npm;C:\Users\ODIN\AppData\Local\Programs\Python\Python36-32
USERNAME=ODIN
OS=Windows_NT
PROCESSOR_IDENTIFIER=Intel64 Family 6 Model 78 Stepping 3, GenuineIntel



---------------  S Y S T E M  ---------------

OS: Windows 10.0 , 64 bit Build 17134 (10.0.17134.1)

CPU:total 4 (initial active 4) (2 cores per cpu, 2 threads per core) family 6 model 78 stepping 3, cmov, cx8, fxsr, mmx, sse, sse2, sse3, ssse3, sse4.1, sse4.2, popcnt, avx, avx2, aes, clmul, erms, 3dnowpref, lzcnt, ht, tsc, tscinvbit, bmi1, bmi2, adx

Memory: 4k page, physical 4059364k(316388k free), swap 10350820k(8448k free)

vm_info: Java HotSpot(TM) 64-Bit Server VM (25.171-b11) for windows-amd64 JRE (1.8.0_171-b11), built on Mar 28 2018 16:06:12 by "java_re" with MS VC++ 10.0 (VS2010)

time: Fri Jun 01 17:31:47 2018
elapsed time: 17 seconds (0d 0h 0m 17s)

