Looking for git in: git
Using git 2.7.4 from git
> git rev-parse --show-toplevel
> git config --get commit.template
Open repository: /home/odina/Desktop/moviec/myapp
> git status -z -u
> git symbolic-ref --short HEAD
> git rev-parse rename-app
> git rev-parse --symbolic-full-name --abbrev-ref rename-app@{u}
fatal: no upstream configured for branch 'rename-app'
> git for-each-ref --format %(refname) %(objectname) --sort -committerdate
> git remote --verbose
> git check-ignore -z --stdin
> git status -z -u
> git symbolic-ref --short HEAD
> git rev-parse rename-app
> git rev-parse --symbolic-full-name --abbrev-ref rename-app@{u}
fatal: no upstream configured for branch 'rename-app'
> git for-each-ref --format %(refname) %(objectname) --sort -committerdate
> git remote --verbose
